<?xml version="1.0" encoding="UTF-8"?>
<coverage generated="1774926570898" clover="3.2.0">
  <project timestamp="1774926570898" name="All files">
    <metrics statements="137" coveredstatements="123" conditionals="79" coveredconditionals="73" methods="29" coveredmethods="25" elements="245" coveredelements="221" complexity="0" loc="137" ncloc="137" packages="2" files="6" classes="6"/>
    <package name="src">
      <metrics statements="104" coveredstatements="99" conditionals="69" coveredconditionals="65" methods="18" coveredmethods="18"/>
      <file name="ddl.ts" path="/Users/linyiru/Projects/creek/d1-schema/src/ddl.ts">
        <metrics statements="12" coveredstatements="12" conditionals="16" coveredconditionals="16" methods="3" coveredmethods="3"/>
        <line num="10" count="20" type="stmt"/>
        <line num="11" count="41" type="stmt"/>
        <line num="12" count="41" type="cond" truecount="2" falsecount="0"/>
        <line num="13" count="41" type="cond" truecount="4" falsecount="0"/>
        <line num="14" count="41" type="cond" truecount="4" falsecount="0"/>
        <line num="15" count="41" type="cond" truecount="2" falsecount="0"/>
        <line num="16" count="41" type="stmt"/>
        <line num="19" count="20" type="stmt"/>
        <line num="33" count="10" type="stmt"/>
        <line num="34" count="10" type="cond" truecount="2" falsecount="0"/>
        <line num="35" count="10" type="cond" truecount="2" falsecount="0"/>
        <line num="38" count="10" type="stmt"/>
      </file>
      <file name="hash.ts" path="/Users/linyiru/Projects/creek/d1-schema/src/hash.ts">
        <metrics statements="16" coveredstatements="11" conditionals="4" coveredconditionals="3" methods="4" coveredmethods="4"/>
        <line num="9" count="25" type="stmt"/>
        <line num="12" count="28" type="stmt"/>
        <line num="13" count="28" type="stmt"/>
        <line num="16" count="53" type="stmt"/>
        <line num="17" count="53" type="stmt"/>
        <line num="19" count="28" type="stmt"/>
        <line num="22" count="25" type="stmt"/>
        <line num="25" count="25" type="cond" truecount="3" falsecount="1"/>
        <line num="26" count="25" type="stmt"/>
        <line num="30" count="25" type="stmt"/>
        <line num="31" count="800" type="stmt"/>
        <line num="36" count="0" type="stmt"/>
        <line num="37" count="0" type="stmt"/>
        <line num="38" count="0" type="stmt"/>
        <line num="39" count="0" type="stmt"/>
        <line num="41" count="0" type="stmt"/>
      </file>
      <file name="index.ts" path="/Users/linyiru/Projects/creek/d1-schema/src/index.ts">
        <metrics statements="25" coveredstatements="25" conditionals="14" coveredconditionals="13" methods="2" coveredmethods="2"/>
        <line num="31" count="1" type="stmt"/>
        <line num="32" count="1" type="stmt"/>
        <line num="54" count="17" type="cond" truecount="2" falsecount="0"/>
        <line num="60" count="17" type="cond" truecount="2" falsecount="0"/>
        <line num="63" count="16" type="stmt"/>
        <line num="66" count="16" type="stmt"/>
        <line num="67" count="16" type="stmt"/>
        <line num="71" count="16" type="cond" truecount="2" falsecount="0"/>
        <line num="72" count="1" type="stmt"/>
        <line num="76" count="15" type="stmt"/>
        <line num="79" count="15" type="stmt"/>
        <line num="82" count="14" type="stmt"/>
        <line num="83" count="1" type="stmt"/>
        <line num="86" count="14" type="cond" truecount="2" falsecount="0"/>
        <line num="88" count="1" type="stmt"/>
        <line num="89" count="1" type="stmt"/>
        <line num="92" count="13" type="cond" truecount="2" falsecount="0"/>
        <line num="94" count="1" type="stmt"/>
        <line num="95" count="1" type="stmt"/>
        <line num="97" count="1" type="stmt"/>
        <line num="98" count="1" type="stmt"/>
        <line num="102" count="12" type="stmt"/>
        <line num="103" count="12" type="stmt"/>
        <line num="104" count="12" type="stmt"/>
        <line num="108" count="13" type="stmt"/>
      </file>
      <file name="parse.ts" path="/Users/linyiru/Projects/creek/d1-schema/src/parse.ts">
        <metrics statements="25" coveredstatements="25" conditionals="20" coveredconditionals="18" methods="3" coveredmethods="3"/>
        <line num="13" count="82" type="stmt"/>
        <line num="14" count="82" type="stmt"/>
        <line num="17" count="82" type="stmt"/>
        <line num="18" count="82" type="cond" truecount="1" falsecount="1"/>
        <line num="21" count="82" type="stmt"/>
        <line num="22" count="82" type="cond" truecount="2" falsecount="0"/>
        <line num="23" count="82" type="cond" truecount="2" falsecount="0"/>
        <line num="27" count="82" type="stmt"/>
        <line num="28" count="82" type="cond" truecount="2" falsecount="0"/>
        <line num="29" count="11" type="stmt"/>
        <line num="30" count="11" type="cond" truecount="2" falsecount="0"/>
        <line num="32" count="1" type="stmt"/>
        <line num="33" count="1" type="stmt"/>
        <line num="34" count="1" type="stmt"/>
        <line num="35" count="17" type="cond" truecount="2" falsecount="0"/>
        <line num="36" count="17" type="cond" truecount="2" falsecount="0"/>
        <line num="37" count="17" type="cond" truecount="2" falsecount="0"/>
        <line num="39" count="1" type="stmt"/>
        <line num="40" count="10" type="cond" truecount="2" falsecount="0"/>
        <line num="41" count="6" type="stmt"/>
        <line num="42" count="6" type="stmt"/>
        <line num="44" count="4" type="stmt"/>
        <line num="45" count="4" type="cond" truecount="1" falsecount="1"/>
        <line num="49" count="82" type="stmt"/>
        <line num="58" count="58" type="stmt"/>
      </file>
      <file name="reconcile.ts" path="/Users/linyiru/Projects/creek/d1-schema/src/reconcile.ts">
        <metrics statements="26" coveredstatements="26" conditionals="15" coveredconditionals="15" methods="6" coveredmethods="6"/>
        <line num="18" count="23" type="stmt"/>
        <line num="19" count="23" type="stmt"/>
        <line num="21" count="23" type="stmt"/>
        <line num="22" count="26" type="stmt"/>
        <line num="25" count="26" type="stmt"/>
        <line num="29" count="26" type="cond" truecount="4" falsecount="0"/>
        <line num="31" count="16" type="stmt"/>
        <line num="36" count="16" type="stmt"/>
        <line num="40" count="10" type="stmt"/>
        <line num="41" count="17" type="stmt"/>
        <line num="44" count="10" type="stmt"/>
        <line num="45" count="24" type="cond" truecount="2" falsecount="0"/>
        <line num="47" count="9" type="cond" truecount="5" falsecount="0"/>
        <line num="48" count="2" type="stmt"/>
        <line num="56" count="7" type="stmt"/>
        <line num="65" count="20" type="stmt"/>
        <line num="66" count="8" type="stmt"/>
        <line num="67" count="15" type="cond" truecount="2" falsecount="0"/>
        <line num="68" count="2" type="stmt"/>
        <line num="76" count="21" type="stmt"/>
        <line num="86" count="12" type="stmt"/>
        <line num="87" count="13" type="stmt"/>
        <line num="99" count="13" type="stmt"/>
        <line num="100" count="14" type="stmt"/>
        <line num="111" count="2" type="stmt"/>
        <line num="112" count="2" type="stmt"/>
      </file>
    </package>
    <package name="tests">
      <metrics statements="33" coveredstatements="24" conditionals="10" coveredconditionals="8" methods="11" coveredmethods="7"/>
      <file name="d1-mock.ts" path="/Users/linyiru/Projects/creek/d1-schema/tests/d1-mock.ts">
        <metrics statements="33" coveredstatements="24" conditionals="10" coveredconditionals="8" methods="11" coveredmethods="7"/>
        <line num="8" count="20" type="stmt"/>
        <line num="11" count="136" type="stmt"/>
        <line num="13" count="136" type="stmt"/>
        <line num="15" count="29" type="stmt"/>
        <line num="16" count="29" type="stmt"/>
        <line num="19" count="82" type="stmt"/>
        <line num="20" count="82" type="cond" truecount="2" falsecount="0"/>
        <line num="21" count="28" type="stmt"/>
        <line num="23" count="54" type="stmt"/>
        <line num="25" count="82" type="stmt"/>
        <line num="28" count="33" type="stmt"/>
        <line num="30" count="33" type="cond" truecount="1" falsecount="1"/>
        <line num="31" count="0" type="stmt"/>
        <line num="33" count="31" type="stmt"/>
        <line num="35" count="31" type="stmt"/>
        <line num="38" count="21" type="stmt"/>
        <line num="40" count="21" type="cond" truecount="2" falsecount="0"/>
        <line num="41" count="1" type="stmt"/>
        <line num="43" count="20" type="stmt"/>
        <line num="45" count="21" type="cond" truecount="2" falsecount="0"/>
        <line num="46" count="10" type="cond" truecount="1" falsecount="1"/>
        <line num="47" count="10" type="stmt"/>
        <line num="50" count="0" type="stmt"/>
        <line num="54" count="136" type="stmt"/>
        <line num="57" count="20" type="stmt"/>
        <line num="59" count="136" type="stmt"/>
        <line num="62" count="0" type="stmt"/>
        <line num="63" count="0" type="stmt"/>
        <line num="64" count="0" type="stmt"/>
        <line num="66" count="0" type="stmt"/>
        <line num="69" count="0" type="stmt"/>
        <line num="70" count="0" type="stmt"/>
        <line num="73" count="0" type="stmt"/>
      </file>
    </package>
  </project>
</coverage>
