{"/Users/linyiru/Projects/creek/d1-schema/src/ddl.ts": {"path":"/Users/linyiru/Projects/creek/d1-schema/src/ddl.ts","statementMap":{"0":{"start":{"line":10,"column":18},"end":{"line":17,"column":null}},"1":{"start":{"line":11,"column":18},"end":{"line":11,"column":45}},"2":{"start":{"line":12,"column":4},"end":{"line":12,"column":null}},"3":{"start":{"line":12,"column":24},"end":{"line":12,"column":null}},"4":{"start":{"line":13,"column":4},"end":{"line":13,"column":null}},"5":{"start":{"line":13,"column":40},"end":{"line":13,"column":null}},"6":{"start":{"line":14,"column":4},"end":{"line":14,"column":null}},"7":{"start":{"line":14,"column":39},"end":{"line":14,"column":null}},"8":{"start":{"line":15,"column":4},"end":{"line":15,"column":null}},"9":{"start":{"line":15,"column":40},"end":{"line":15,"column":null}},"10":{"start":{"line":16,"column":4},"end":{"line":16,"column":null}},"11":{"start":{"line":19,"column":2},"end":{"line":19,"column":null}},"12":{"start":{"line":33,"column":16},"end":{"line":33,"column":43}},"13":{"start":{"line":34,"column":2},"end":{"line":34,"column":null}},"14":{"start":{"line":34,"column":19},"end":{"line":34,"column":null}},"15":{"start":{"line":35,"column":2},"end":{"line":35,"column":null}},"16":{"start":{"line":35,"column":38},"end":{"line":35,"column":null}},"17":{"start":{"line":38,"column":2},"end":{"line":38,"column":null}}},"fnMap":{"0":{"name":"buildCreateTable","decl":{"start":{"line":6,"column":16},"end":{"line":6,"column":null}},"loc":{"start":{"line":9,"column":10},"end":{"line":19,"column":null}},"line":9},"1":{"name":"(anonymous_1)","decl":{"start":{"line":10,"column":26},"end":{"line":10,"column":31}},"loc":{"start":{"line":10,"column":39},"end":{"line":17,"column":null}},"line":10},"2":{"name":"buildAddColumn","decl":{"start":{"line":25,"column":16},"end":{"line":25,"column":null}},"loc":{"start":{"line":28,"column":10},"end":{"line":38,"column":null}},"line":28}},"branchMap":{"0":{"loc":{"start":{"line":12,"column":4},"end":{"line":12,"column":null}},"type":"if","locations":[{"start":{"line":12,"column":4},"end":{"line":12,"column":null}},{"start":{},"end":{}}],"line":12},"1":{"loc":{"start":{"line":13,"column":4},"end":{"line":13,"column":null}},"type":"if","locations":[{"start":{"line":13,"column":4},"end":{"line":13,"column":null}},{"start":{},"end":{}}],"line":13},"2":{"loc":{"start":{"line":13,"column":8},"end":{"line":13,"column":40}},"type":"binary-expr","locations":[{"start":{"line":13,"column":8},"end":{"line":13,"column":23}},{"start":{"line":13,"column":23},"end":{"line":13,"column":40}}],"line":13},"3":{"loc":{"start":{"line":14,"column":4},"end":{"line":14,"column":null}},"type":"if","locations":[{"start":{"line":14,"column":4},"end":{"line":14,"column":null}},{"start":{},"end":{}}],"line":14},"4":{"loc":{"start":{"line":14,"column":8},"end":{"line":14,"column":39}},"type":"binary-expr","locations":[{"start":{"line":14,"column":8},"end":{"line":14,"column":22}},{"start":{"line":14,"column":22},"end":{"line":14,"column":39}}],"line":14},"5":{"loc":{"start":{"line":15,"column":4},"end":{"line":15,"column":null}},"type":"if","locations":[{"start":{"line":15,"column":4},"end":{"line":15,"column":null}},{"start":{},"end":{}}],"line":15},"6":{"loc":{"start":{"line":34,"column":2},"end":{"line":34,"column":null}},"type":"if","locations":[{"start":{"line":34,"column":2},"end":{"line":34,"column":null}},{"start":{},"end":{}}],"line":34},"7":{"loc":{"start":{"line":35,"column":2},"end":{"line":35,"column":null}},"type":"if","locations":[{"start":{"line":35,"column":2},"end":{"line":35,"column":null}},{"start":{},"end":{}}],"line":35}},"s":{"0":20,"1":41,"2":41,"3":20,"4":41,"5":13,"6":41,"7":2,"8":41,"9":4,"10":41,"11":20,"12":10,"13":10,"14":2,"15":10,"16":3,"17":10},"f":{"0":20,"1":41,"2":10},"b":{"0":[20,21],"1":[13,28],"2":[41,33],"3":[2,39],"4":[41,22],"5":[4,37],"6":[2,8],"7":[3,7]},"meta":{"lastBranch":8,"lastFunction":3,"lastStatement":18,"seen":{"f:6:16:6:Infinity":0,"s:10:18:17:Infinity":0,"f:10:26:10:31":1,"s:11:18:11:45":1,"b:12:4:12:Infinity:undefined:undefined:undefined:undefined":0,"s:12:4:12:Infinity":2,"s:12:24:12:Infinity":3,"b:13:4:13:Infinity:undefined:undefined:undefined:undefined":1,"s:13:4:13:Infinity":4,"b:13:8:13:23:13:23:13:40":2,"s:13:40:13:Infinity":5,"b:14:4:14:Infinity:undefined:undefined:undefined:undefined":3,"s:14:4:14:Infinity":6,"b:14:8:14:22:14:22:14:39":4,"s:14:39:14:Infinity":7,"b:15:4:15:Infinity:undefined:undefined:undefined:undefined":5,"s:15:4:15:Infinity":8,"s:15:40:15:Infinity":9,"s:16:4:16:Infinity":10,"s:19:2:19:Infinity":11,"f:25:16:25:Infinity":2,"s:33:16:33:43":12,"b:34:2:34:Infinity:undefined:undefined:undefined:undefined":6,"s:34:2:34:Infinity":13,"s:34:19:34:Infinity":14,"b:35:2:35:Infinity:undefined:undefined:undefined:undefined":7,"s:35:2:35:Infinity":15,"s:35:38:35:Infinity":16,"s:38:2:38:Infinity":17}}}
,"/Users/linyiru/Projects/creek/d1-schema/src/hash.ts": {"path":"/Users/linyiru/Projects/creek/d1-schema/src/hash.ts","statementMap":{"0":{"start":{"line":9,"column":17},"end":{"line":20,"column":10}},"1":{"start":{"line":12,"column":19},"end":{"line":12,"column":null}},"2":{"start":{"line":13,"column":6},"end":{"line":18,"column":null}},"3":{"start":{"line":16,"column":10},"end":{"line":16,"column":null}},"4":{"start":{"line":17,"column":10},"end":{"line":17,"column":null}},"5":{"start":{"line":19,"column":6},"end":{"line":19,"column":null}},"6":{"start":{"line":22,"column":15},"end":{"line":22,"column":37}},"7":{"start":{"line":25,"column":2},"end":{"line":32,"column":null}},"8":{"start":{"line":26,"column":16},"end":{"line":28,"column":null}},"9":{"start":{"line":30,"column":4},"end":{"line":32,"column":null}},"10":{"start":{"line":31,"column":18},"end":{"line":31,"column":49}},"11":{"start":{"line":36,"column":13},"end":{"line":36,"column":null}},"12":{"start":{"line":37,"column":2},"end":{"line":39,"column":null}},"13":{"start":{"line":37,"column":15},"end":{"line":37,"column":18}},"14":{"start":{"line":38,"column":15},"end":{"line":38,"column":33}},"15":{"start":{"line":39,"column":4},"end":{"line":39,"column":null}},"16":{"start":{"line":41,"column":2},"end":{"line":41,"column":null}}},"fnMap":{"0":{"name":"hashSchema","decl":{"start":{"line":7,"column":22},"end":{"line":7,"column":33}},"loc":{"start":{"line":7,"column":76},"end":{"line":41,"column":null}},"line":7},"1":{"name":"(anonymous_1)","decl":{"start":{"line":11,"column":5},"end":{"line":11,"column":53}},"loc":{"start":{"line":11,"column":68},"end":{"line":20,"column":9}},"line":11},"2":{"name":"(anonymous_2)","decl":{"start":{"line":15,"column":9},"end":{"line":15,"column":41}},"loc":{"start":{"line":15,"column":57},"end":{"line":18,"column":13}},"line":15},"3":{"name":"(anonymous_3)","decl":{"start":{"line":31,"column":7},"end":{"line":31,"column":12}},"loc":{"start":{"line":31,"column":18},"end":{"line":31,"column":49}},"line":31}},"branchMap":{"0":{"loc":{"start":{"line":25,"column":2},"end":{"line":32,"column":null}},"type":"if","locations":[{"start":{"line":25,"column":2},"end":{"line":32,"column":null}},{"start":{},"end":{}}],"line":25},"1":{"loc":{"start":{"line":25,"column":6},"end":{"line":25,"column":54}},"type":"binary-expr","locations":[{"start":{"line":25,"column":6},"end":{"line":25,"column":39}},{"start":{"line":25,"column":39},"end":{"line":25,"column":54}}],"line":25}},"s":{"0":25,"1":28,"2":28,"3":53,"4":53,"5":28,"6":25,"7":25,"8":25,"9":25,"10":800,"11":0,"12":0,"13":0,"14":0,"15":0,"16":0},"f":{"0":25,"1":28,"2":53,"3":800},"b":{"0":[25,0],"1":[25,25]},"meta":{"lastBranch":2,"lastFunction":4,"lastStatement":17,"seen":{"f:7:22:7:33":0,"s:9:17:20:10":0,"f:11:5:11:53":1,"s:12:19:12:Infinity":1,"s:13:6:18:Infinity":2,"f:15:9:15:41":2,"s:16:10:16:Infinity":3,"s:17:10:17:Infinity":4,"s:19:6:19:Infinity":5,"s:22:15:22:37":6,"b:25:2:32:Infinity:undefined:undefined:undefined:undefined":0,"s:25:2:32:Infinity":7,"b:25:6:25:39:25:39:25:54":1,"s:26:16:28:Infinity":8,"s:30:4:32:Infinity":9,"f:31:7:31:12":3,"s:31:18:31:49":10,"s:36:13:36:Infinity":11,"s:37:2:39:Infinity":12,"s:37:15:37:18":13,"s:38:15:38:33":14,"s:39:4:39:Infinity":15,"s:41:2:41:Infinity":16}}}
,"/Users/linyiru/Projects/creek/d1-schema/src/index.ts": {"path":"/Users/linyiru/Projects/creek/d1-schema/src/index.ts","statementMap":{"0":{"start":{"line":31,"column":20},"end":{"line":31,"column":null}},"1":{"start":{"line":32,"column":19},"end":{"line":32,"column":null}},"2":{"start":{"line":54,"column":4},"end":{"line":58,"column":null}},"3":{"start":{"line":60,"column":2},"end":{"line":60,"column":null}},"4":{"start":{"line":60,"column":22},"end":{"line":60,"column":null}},"5":{"start":{"line":63,"column":2},"end":{"line":63,"column":null}},"6":{"start":{"line":66,"column":22},"end":{"line":66,"column":46}},"7":{"start":{"line":67,"column":17},"end":{"line":69,"column":31}},"8":{"start":{"line":71,"column":2},"end":{"line":72,"column":null}},"9":{"start":{"line":72,"column":4},"end":{"line":72,"column":null}},"10":{"start":{"line":76,"column":2},"end":{"line":76,"column":null}},"11":{"start":{"line":79,"column":35},"end":{"line":79,"column":70}},"12":{"start":{"line":82,"column":2},"end":{"line":83,"column":null}},"13":{"start":{"line":83,"column":4},"end":{"line":83,"column":null}},"14":{"start":{"line":86,"column":2},"end":{"line":89,"column":null}},"15":{"start":{"line":88,"column":4},"end":{"line":88,"column":null}},"16":{"start":{"line":89,"column":4},"end":{"line":89,"column":null}},"17":{"start":{"line":92,"column":2},"end":{"line":98,"column":null}},"18":{"start":{"line":94,"column":4},"end":{"line":95,"column":null}},"19":{"start":{"line":95,"column":6},"end":{"line":95,"column":null}},"20":{"start":{"line":97,"column":4},"end":{"line":97,"column":null}},"21":{"start":{"line":98,"column":4},"end":{"line":98,"column":null}},"22":{"start":{"line":102,"column":2},"end":{"line":102,"column":null}},"23":{"start":{"line":103,"column":2},"end":{"line":103,"column":null}},"24":{"start":{"line":104,"column":2},"end":{"line":104,"column":null}},"25":{"start":{"line":108,"column":2},"end":{"line":114,"column":null}}},"fnMap":{"0":{"name":"define","decl":{"start":{"line":48,"column":22},"end":{"line":48,"column":null}},"loc":{"start":{"line":52,"column":17},"end":{"line":104,"column":null}},"line":52},"1":{"name":"upsertHash","decl":{"start":{"line":107,"column":15},"end":{"line":107,"column":26}},"loc":{"start":{"line":107,"column":71},"end":{"line":114,"column":null}},"line":107}},"branchMap":{"0":{"loc":{"start":{"line":54,"column":4},"end":{"line":58,"column":null}},"type":"binary-expr","locations":[{"start":{"line":54,"column":4},"end":{"line":54,"column":null}},{"start":{"line":55,"column":5},"end":{"line":58,"column":null}}],"line":54},"1":{"loc":{"start":{"line":55,"column":5},"end":{"line":58,"column":null}},"type":"cond-expr","locations":[{"start":{"line":57,"column":9},"end":{"line":57,"column":null}},{"start":{"line":58,"column":8},"end":{"line":58,"column":null}}],"line":55},"2":{"loc":{"start":{"line":55,"column":5},"end":{"line":56,"column":null}},"type":"binary-expr","locations":[{"start":{"line":55,"column":5},"end":{"line":55,"column":null}},{"start":{"line":56,"column":4},"end":{"line":56,"column":null}}],"line":55},"3":{"loc":{"start":{"line":60,"column":2},"end":{"line":60,"column":null}},"type":"if","locations":[{"start":{"line":60,"column":2},"end":{"line":60,"column":null}},{"start":{},"end":{}}],"line":60},"4":{"loc":{"start":{"line":71,"column":2},"end":{"line":72,"column":null}},"type":"if","locations":[{"start":{"line":71,"column":2},"end":{"line":72,"column":null}},{"start":{},"end":{}}],"line":71},"5":{"loc":{"start":{"line":86,"column":2},"end":{"line":89,"column":null}},"type":"if","locations":[{"start":{"line":86,"column":2},"end":{"line":89,"column":null}},{"start":{},"end":{}}],"line":86},"6":{"loc":{"start":{"line":92,"column":2},"end":{"line":98,"column":null}},"type":"if","locations":[{"start":{"line":92,"column":2},"end":{"line":98,"column":null}},{"start":{},"end":{}}],"line":92}},"s":{"0":1,"1":1,"2":17,"3":17,"4":1,"5":16,"6":16,"7":16,"8":16,"9":1,"10":15,"11":15,"12":14,"13":1,"14":14,"15":1,"16":1,"17":13,"18":1,"19":1,"20":1,"21":1,"22":12,"23":12,"24":12,"25":13},"f":{"0":17,"1":13},"b":{"0":[17,15],"1":[0,15],"2":[15,15],"3":[1,16],"4":[1,15],"5":[1,13],"6":[1,12]},"meta":{"lastBranch":7,"lastFunction":2,"lastStatement":26,"seen":{"s:31:20:31:Infinity":0,"s:32:19:32:Infinity":1,"f:48:22:48:Infinity":0,"s:54:4:58:Infinity":2,"b:54:4:54:Infinity:55:5:58:Infinity":0,"b:57:9:57:Infinity:58:8:58:Infinity":1,"b:55:5:55:Infinity:56:4:56:Infinity":2,"b:60:2:60:Infinity:undefined:undefined:undefined:undefined":3,"s:60:2:60:Infinity":3,"s:60:22:60:Infinity":4,"s:63:2:63:Infinity":5,"s:66:22:66:46":6,"s:67:17:69:31":7,"b:71:2:72:Infinity:undefined:undefined:undefined:undefined":4,"s:71:2:72:Infinity":8,"s:72:4:72:Infinity":9,"s:76:2:76:Infinity":10,"s:79:35:79:70":11,"s:82:2:83:Infinity":12,"s:83:4:83:Infinity":13,"b:86:2:89:Infinity:undefined:undefined:undefined:undefined":5,"s:86:2:89:Infinity":14,"s:88:4:88:Infinity":15,"s:89:4:89:Infinity":16,"b:92:2:98:Infinity:undefined:undefined:undefined:undefined":6,"s:92:2:98:Infinity":17,"s:94:4:95:Infinity":18,"s:95:6:95:Infinity":19,"s:97:4:97:Infinity":20,"s:98:4:98:Infinity":21,"s:102:2:102:Infinity":22,"s:103:2:103:Infinity":23,"s:104:2:104:Infinity":24,"f:107:15:107:26":1,"s:108:2:114:Infinity":25}}}
,"/Users/linyiru/Projects/creek/d1-schema/src/parse.ts": {"path":"/Users/linyiru/Projects/creek/d1-schema/src/parse.ts","statementMap":{"0":{"start":{"line":13,"column":21},"end":{"line":13,"column":52}},"1":{"start":{"line":14,"column":16},"end":{"line":14,"column":40}},"2":{"start":{"line":17,"column":20},"end":{"line":17,"column":46}},"3":{"start":{"line":18,"column":15},"end":{"line":18,"column":null}},"4":{"start":{"line":21,"column":21},"end":{"line":21,"column":50}},"5":{"start":{"line":22,"column":18},"end":{"line":22,"column":null}},"6":{"start":{"line":23,"column":17},"end":{"line":23,"column":null}},"7":{"start":{"line":27,"column":21},"end":{"line":27,"column":46}},"8":{"start":{"line":28,"column":2},"end":{"line":45,"column":null}},"9":{"start":{"line":29,"column":25},"end":{"line":29,"column":64}},"10":{"start":{"line":30,"column":4},"end":{"line":45,"column":null}},"11":{"start":{"line":32,"column":18},"end":{"line":32,"column":null}},"12":{"start":{"line":33,"column":16},"end":{"line":33,"column":null}},"13":{"start":{"line":34,"column":6},"end":{"line":37,"column":null}},"14":{"start":{"line":34,"column":19},"end":{"line":34,"column":22}},"15":{"start":{"line":35,"column":8},"end":{"line":35,"column":null}},"16":{"start":{"line":35,"column":37},"end":{"line":35,"column":null}},"17":{"start":{"line":36,"column":8},"end":{"line":36,"column":null}},"18":{"start":{"line":36,"column":37},"end":{"line":36,"column":null}},"19":{"start":{"line":37,"column":8},"end":{"line":37,"column":null}},"20":{"start":{"line":37,"column":27},"end":{"line":37,"column":40}},"21":{"start":{"line":37,"column":40},"end":{"line":37,"column":null}},"22":{"start":{"line":39,"column":6},"end":{"line":39,"column":null}},"23":{"start":{"line":40,"column":15},"end":{"line":45,"column":null}},"24":{"start":{"line":41,"column":23},"end":{"line":41,"column":51}},"25":{"start":{"line":42,"column":6},"end":{"line":42,"column":null}},"26":{"start":{"line":44,"column":23},"end":{"line":44,"column":48}},"27":{"start":{"line":45,"column":6},"end":{"line":45,"column":null}},"28":{"start":{"line":49,"column":2},"end":{"line":49,"column":null}},"29":{"start":{"line":58,"column":2},"end":{"line":58,"column":null}},"30":{"start":{"line":58,"column":54},"end":{"line":58,"column":79}}},"fnMap":{"0":{"name":"parseColumnDef","decl":{"start":{"line":12,"column":16},"end":{"line":12,"column":31}},"loc":{"start":{"line":12,"column":72},"end":{"line":49,"column":null}},"line":12},"1":{"name":"parseTableDef","decl":{"start":{"line":55,"column":16},"end":{"line":55,"column":null}},"loc":{"start":{"line":57,"column":18},"end":{"line":58,"column":null}},"line":57},"2":{"name":"(anonymous_2)","decl":{"start":{"line":58,"column":33},"end":{"line":58,"column":38}},"loc":{"start":{"line":58,"column":54},"end":{"line":58,"column":79}},"line":58}},"branchMap":{"0":{"loc":{"start":{"line":18,"column":15},"end":{"line":18,"column":null}},"type":"cond-expr","locations":[{"start":{"line":18,"column":27},"end":{"line":18,"column":53}},{"start":{"line":18,"column":56},"end":{"line":18,"column":null}}],"line":18},"1":{"loc":{"start":{"line":22,"column":18},"end":{"line":22,"column":null}},"type":"binary-expr","locations":[{"start":{"line":22,"column":18},"end":{"line":22,"column":44}},{"start":{"line":22,"column":48},"end":{"line":22,"column":null}}],"line":22},"2":{"loc":{"start":{"line":23,"column":17},"end":{"line":23,"column":null}},"type":"binary-expr","locations":[{"start":{"line":23,"column":17},"end":{"line":23,"column":41}},{"start":{"line":23,"column":45},"end":{"line":23,"column":null}}],"line":23},"3":{"loc":{"start":{"line":28,"column":2},"end":{"line":45,"column":null}},"type":"if","locations":[{"start":{"line":28,"column":2},"end":{"line":45,"column":null}},{"start":{},"end":{}}],"line":28},"4":{"loc":{"start":{"line":30,"column":4},"end":{"line":45,"column":null}},"type":"if","locations":[{"start":{"line":30,"column":4},"end":{"line":45,"column":null}},{"start":{"line":40,"column":15},"end":{"line":45,"column":null}}],"line":30},"5":{"loc":{"start":{"line":35,"column":8},"end":{"line":35,"column":null}},"type":"if","locations":[{"start":{"line":35,"column":8},"end":{"line":35,"column":null}},{"start":{},"end":{}}],"line":35},"6":{"loc":{"start":{"line":36,"column":8},"end":{"line":36,"column":null}},"type":"if","locations":[{"start":{"line":36,"column":8},"end":{"line":36,"column":null}},{"start":{},"end":{}}],"line":36},"7":{"loc":{"start":{"line":37,"column":8},"end":{"line":37,"column":null}},"type":"if","locations":[{"start":{"line":37,"column":8},"end":{"line":37,"column":null}},{"start":{},"end":{}}],"line":37},"8":{"loc":{"start":{"line":40,"column":15},"end":{"line":45,"column":null}},"type":"if","locations":[{"start":{"line":40,"column":15},"end":{"line":45,"column":null}},{"start":{"line":43,"column":11},"end":{"line":45,"column":null}}],"line":40},"9":{"loc":{"start":{"line":45,"column":21},"end":{"line":45,"column":85}},"type":"cond-expr","locations":[{"start":{"line":45,"column":39},"end":{"line":45,"column":54}},{"start":{"line":45,"column":54},"end":{"line":45,"column":85}}],"line":45}},"s":{"0":82,"1":82,"2":82,"3":82,"4":82,"5":82,"6":82,"7":82,"8":82,"9":11,"10":11,"11":1,"12":1,"13":1,"14":1,"15":17,"16":2,"17":17,"18":2,"19":17,"20":1,"21":1,"22":1,"23":10,"24":6,"25":6,"26":4,"27":4,"28":82,"29":26,"30":58},"f":{"0":82,"1":26,"2":58},"b":{"0":[82,0],"1":[82,56],"2":[82,78],"3":[11,71],"4":[1,10],"5":[2,15],"6":[2,15],"7":[1,16],"8":[6,4],"9":[4,0]},"meta":{"lastBranch":10,"lastFunction":3,"lastStatement":31,"seen":{"f:12:16:12:31":0,"s:13:21:13:52":0,"s:14:16:14:40":1,"s:17:20:17:46":2,"s:18:15:18:Infinity":3,"b:18:27:18:53:18:56:18:Infinity":0,"s:21:21:21:50":4,"s:22:18:22:Infinity":5,"b:22:18:22:44:22:48:22:Infinity":1,"s:23:17:23:Infinity":6,"b:23:17:23:41:23:45:23:Infinity":2,"s:27:21:27:46":7,"b:28:2:45:Infinity:undefined:undefined:undefined:undefined":3,"s:28:2:45:Infinity":8,"s:29:25:29:64":9,"b:30:4:45:Infinity:40:15:45:Infinity":4,"s:30:4:45:Infinity":10,"s:32:18:32:Infinity":11,"s:33:16:33:Infinity":12,"s:34:6:37:Infinity":13,"s:34:19:34:22":14,"b:35:8:35:Infinity:undefined:undefined:undefined:undefined":5,"s:35:8:35:Infinity":15,"s:35:37:35:Infinity":16,"b:36:8:36:Infinity:undefined:undefined:undefined:undefined":6,"s:36:8:36:Infinity":17,"s:36:37:36:Infinity":18,"b:37:8:37:Infinity:undefined:undefined:undefined:undefined":7,"s:37:8:37:Infinity":19,"s:37:27:37:40":20,"s:37:40:37:Infinity":21,"s:39:6:39:Infinity":22,"b:40:15:45:Infinity:43:11:45:Infinity":8,"s:40:15:45:Infinity":23,"s:41:23:41:51":24,"s:42:6:42:Infinity":25,"s:44:23:44:48":26,"s:45:6:45:Infinity":27,"b:45:39:45:54:45:54:45:85":9,"s:49:2:49:Infinity":28,"f:55:16:55:Infinity":1,"s:58:2:58:Infinity":29,"f:58:33:58:38":2,"s:58:54:58:79":30}}}
,"/Users/linyiru/Projects/creek/d1-schema/src/reconcile.ts": {"path":"/Users/linyiru/Projects/creek/d1-schema/src/reconcile.ts","statementMap":{"0":{"start":{"line":18,"column":37},"end":{"line":18,"column":39}},"1":{"start":{"line":19,"column":29},"end":{"line":19,"column":31}},"2":{"start":{"line":21,"column":2},"end":{"line":71,"column":null}},"3":{"start":{"line":22,"column":10},"end":{"line":22,"column":42}},"4":{"start":{"line":25,"column":21},"end":{"line":27,"column":30}},"5":{"start":{"line":29,"column":4},"end":{"line":36,"column":null}},"6":{"start":{"line":31,"column":6},"end":{"line":35,"column":null}},"7":{"start":{"line":36,"column":6},"end":{"line":36,"column":null}},"8":{"start":{"line":40,"column":24},"end":{"line":41,"column":null}},"9":{"start":{"line":41,"column":34},"end":{"line":41,"column":45}},"10":{"start":{"line":44,"column":4},"end":{"line":60,"column":null}},"11":{"start":{"line":45,"column":6},"end":{"line":60,"column":null}},"12":{"start":{"line":47,"column":8},"end":{"line":53,"column":null}},"13":{"start":{"line":48,"column":10},"end":{"line":53,"column":null}},"14":{"start":{"line":56,"column":8},"end":{"line":60,"column":null}},"15":{"start":{"line":65,"column":25},"end":{"line":65,"column":60}},"16":{"start":{"line":65,"column":52},"end":{"line":65,"column":59}},"17":{"start":{"line":66,"column":4},"end":{"line":71,"column":null}},"18":{"start":{"line":67,"column":6},"end":{"line":71,"column":null}},"19":{"start":{"line":68,"column":8},"end":{"line":71,"column":null}},"20":{"start":{"line":76,"column":2},"end":{"line":76,"column":null}},"21":{"start":{"line":86,"column":2},"end":{"line":87,"column":null}},"22":{"start":{"line":87,"column":4},"end":{"line":87,"column":null}},"23":{"start":{"line":99,"column":2},"end":{"line":105,"column":null}},"24":{"start":{"line":100,"column":4},"end":{"line":105,"column":null}},"25":{"start":{"line":111,"column":4},"end":{"line":111,"column":null}},"26":{"start":{"line":112,"column":4},"end":{"line":112,"column":null}}},"fnMap":{"0":{"name":"computeOperations","decl":{"start":{"line":14,"column":22},"end":{"line":14,"column":null}},"loc":{"start":{"line":17,"column":63},"end":{"line":76,"column":null}},"line":17},"1":{"name":"(anonymous_1)","decl":{"start":{"line":41,"column":23},"end":{"line":41,"column":28}},"loc":{"start":{"line":41,"column":34},"end":{"line":41,"column":45}},"line":41},"2":{"name":"(anonymous_2)","decl":{"start":{"line":65,"column":41},"end":{"line":65,"column":46}},"loc":{"start":{"line":65,"column":52},"end":{"line":65,"column":59}},"line":65},"3":{"name":"applyOperations","decl":{"start":{"line":82,"column":22},"end":{"line":82,"column":null}},"loc":{"start":{"line":85,"column":17},"end":{"line":87,"column":null}},"line":85},"4":{"name":"logOperations","decl":{"start":{"line":94,"column":22},"end":{"line":94,"column":null}},"loc":{"start":{"line":98,"column":17},"end":{"line":105,"column":null}},"line":98},"5":{"name":"(anonymous_5)","decl":{"start":{"line":110,"column":2},"end":{"line":110,"column":14}},"loc":{"start":{"line":110,"column":31},"end":{"line":112,"column":null}},"line":110}},"branchMap":{"0":{"loc":{"start":{"line":29,"column":4},"end":{"line":36,"column":null}},"type":"if","locations":[{"start":{"line":29,"column":4},"end":{"line":36,"column":null}},{"start":{},"end":{}}],"line":29},"1":{"loc":{"start":{"line":29,"column":8},"end":{"line":29,"column":60}},"type":"binary-expr","locations":[{"start":{"line":29,"column":8},"end":{"line":29,"column":29}},{"start":{"line":29,"column":29},"end":{"line":29,"column":60}}],"line":29},"2":{"loc":{"start":{"line":45,"column":6},"end":{"line":60,"column":null}},"type":"if","locations":[{"start":{"line":45,"column":6},"end":{"line":60,"column":null}},{"start":{},"end":{}}],"line":45},"3":{"loc":{"start":{"line":47,"column":8},"end":{"line":53,"column":null}},"type":"if","locations":[{"start":{"line":47,"column":8},"end":{"line":53,"column":null}},{"start":{},"end":{}}],"line":47},"4":{"loc":{"start":{"line":47,"column":12},"end":{"line":47,"column":78}},"type":"binary-expr","locations":[{"start":{"line":47,"column":12},"end":{"line":47,"column":27}},{"start":{"line":47,"column":27},"end":{"line":47,"column":61}},{"start":{"line":47,"column":61},"end":{"line":47,"column":78}}],"line":47},"5":{"loc":{"start":{"line":67,"column":6},"end":{"line":71,"column":null}},"type":"if","locations":[{"start":{"line":67,"column":6},"end":{"line":71,"column":null}},{"start":{},"end":{}}],"line":67},"6":{"loc":{"start":{"line":104,"column":41},"end":{"line":104,"column":57}},"type":"cond-expr","locations":[{"start":{"line":104,"column":51},"end":{"line":104,"column":55}},{"start":{"line":104,"column":55},"end":{"line":104,"column":57}}],"line":104}},"s":{"0":23,"1":23,"2":23,"3":26,"4":26,"5":26,"6":16,"7":16,"8":10,"9":17,"10":10,"11":24,"12":9,"13":2,"14":7,"15":8,"16":20,"17":8,"18":15,"19":2,"20":21,"21":12,"22":13,"23":13,"24":14,"25":2,"26":2},"f":{"0":23,"1":17,"2":20,"3":12,"4":13,"5":2},"b":{"0":[16,10],"1":[26,26],"2":[9,15],"3":[2,7],"4":[9,3,2],"5":[2,13],"6":[13,1]},"meta":{"lastBranch":7,"lastFunction":6,"lastStatement":27,"seen":{"f:14:22:14:Infinity":0,"s:18:37:18:39":0,"s:19:29:19:31":1,"s:21:2:71:Infinity":2,"s:22:10:22:42":3,"s:25:21:27:30":4,"b:29:4:36:Infinity:undefined:undefined:undefined:undefined":0,"s:29:4:36:Infinity":5,"b:29:8:29:29:29:29:29:60":1,"s:31:6:35:Infinity":6,"s:36:6:36:Infinity":7,"s:40:24:41:Infinity":8,"f:41:23:41:28":1,"s:41:34:41:45":9,"s:44:4:60:Infinity":10,"b:45:6:60:Infinity:undefined:undefined:undefined:undefined":2,"s:45:6:60:Infinity":11,"b:47:8:53:Infinity:undefined:undefined:undefined:undefined":3,"s:47:8:53:Infinity":12,"b:47:12:47:27:47:27:47:61:47:61:47:78":4,"s:48:10:53:Infinity":13,"s:56:8:60:Infinity":14,"s:65:25:65:60":15,"f:65:41:65:46":2,"s:65:52:65:59":16,"s:66:4:71:Infinity":17,"b:67:6:71:Infinity:undefined:undefined:undefined:undefined":5,"s:67:6:71:Infinity":18,"s:68:8:71:Infinity":19,"s:76:2:76:Infinity":20,"f:82:22:82:Infinity":3,"s:86:2:87:Infinity":21,"s:87:4:87:Infinity":22,"f:94:22:94:Infinity":4,"s:99:2:105:Infinity":23,"s:100:4:105:Infinity":24,"b:104:51:104:55:104:55:104:57":6,"f:110:2:110:14":5,"s:111:4:111:Infinity":25,"s:112:4:112:Infinity":26}}}
,"/Users/linyiru/Projects/creek/d1-schema/tests/d1-mock.ts": {"path":"/Users/linyiru/Projects/creek/d1-schema/tests/d1-mock.ts","statementMap":{"0":{"start":{"line":8,"column":17},"end":{"line":8,"column":41}},"1":{"start":{"line":11,"column":33},"end":{"line":11,"column":35}},"2":{"start":{"line":13,"column":38},"end":{"line":52,"column":null}},"3":{"start":{"line":15,"column":8},"end":{"line":15,"column":null}},"4":{"start":{"line":16,"column":8},"end":{"line":16,"column":null}},"5":{"start":{"line":19,"column":18},"end":{"line":19,"column":37}},"6":{"start":{"line":20,"column":8},"end":{"line":23,"column":null}},"7":{"start":{"line":21,"column":10},"end":{"line":21,"column":null}},"8":{"start":{"line":23,"column":10},"end":{"line":23,"column":null}},"9":{"start":{"line":25,"column":8},"end":{"line":25,"column":null}},"10":{"start":{"line":28,"column":18},"end":{"line":28,"column":37}},"11":{"start":{"line":30,"column":8},"end":{"line":33,"column":null}},"12":{"start":{"line":31,"column":10},"end":{"line":31,"column":null}},"13":{"start":{"line":33,"column":10},"end":{"line":33,"column":null}},"14":{"start":{"line":35,"column":8},"end":{"line":35,"column":null}},"15":{"start":{"line":38,"column":18},"end":{"line":38,"column":37}},"16":{"start":{"line":40,"column":8},"end":{"line":43,"column":null}},"17":{"start":{"line":41,"column":10},"end":{"line":41,"column":null}},"18":{"start":{"line":43,"column":10},"end":{"line":43,"column":null}},"19":{"start":{"line":45,"column":8},"end":{"line":45,"column":null}},"20":{"start":{"line":45,"column":18},"end":{"line":45,"column":null}},"21":{"start":{"line":46,"column":8},"end":{"line":46,"column":null}},"22":{"start":{"line":46,"column":17},"end":{"line":46,"column":null}},"23":{"start":{"line":47,"column":8},"end":{"line":47,"column":null}},"24":{"start":{"line":50,"column":8},"end":{"line":50,"column":null}},"25":{"start":{"line":54,"column":4},"end":{"line":54,"column":null}},"26":{"start":{"line":57,"column":2},"end":{"line":75,"column":null}},"27":{"start":{"line":59,"column":6},"end":{"line":59,"column":null}},"28":{"start":{"line":62,"column":22},"end":{"line":62,"column":24}},"29":{"start":{"line":63,"column":6},"end":{"line":64,"column":null}},"30":{"start":{"line":64,"column":8},"end":{"line":64,"column":null}},"31":{"start":{"line":66,"column":6},"end":{"line":66,"column":null}},"32":{"start":{"line":69,"column":6},"end":{"line":69,"column":null}},"33":{"start":{"line":70,"column":6},"end":{"line":70,"column":null}},"34":{"start":{"line":73,"column":6},"end":{"line":73,"column":null}}},"fnMap":{"0":{"name":"createMockD1","decl":{"start":{"line":7,"column":16},"end":{"line":7,"column":43}},"loc":{"start":{"line":7,"column":43},"end":{"line":75,"column":null}},"line":7},"1":{"name":"createStatement","decl":{"start":{"line":10,"column":11},"end":{"line":10,"column":27}},"loc":{"start":{"line":10,"column":61},"end":{"line":54,"column":null}},"line":10},"2":{"name":"(anonymous_2)","decl":{"start":{"line":14,"column":6},"end":{"line":14,"column":11}},"loc":{"start":{"line":14,"column":33},"end":{"line":16,"column":null}},"line":14},"3":{"name":"(anonymous_3)","decl":{"start":{"line":18,"column":12},"end":{"line":18,"column":18}},"loc":{"start":{"line":18,"column":18},"end":{"line":25,"column":null}},"line":18},"4":{"name":"(anonymous_4)","decl":{"start":{"line":27,"column":12},"end":{"line":27,"column":47}},"loc":{"start":{"line":27,"column":47},"end":{"line":35,"column":null}},"line":27},"5":{"name":"(anonymous_5)","decl":{"start":{"line":37,"column":12},"end":{"line":37,"column":47}},"loc":{"start":{"line":37,"column":61},"end":{"line":47,"column":null}},"line":37},"6":{"name":"(anonymous_6)","decl":{"start":{"line":49,"column":12},"end":{"line":49,"column":18}},"loc":{"start":{"line":49,"column":18},"end":{"line":50,"column":null}},"line":49},"7":{"name":"(anonymous_7)","decl":{"start":{"line":58,"column":4},"end":{"line":58,"column":12}},"loc":{"start":{"line":58,"column":25},"end":{"line":59,"column":null}},"line":58},"8":{"name":"(anonymous_8)","decl":{"start":{"line":61,"column":10},"end":{"line":61,"column":16}},"loc":{"start":{"line":61,"column":46},"end":{"line":66,"column":null}},"line":61},"9":{"name":"(anonymous_9)","decl":{"start":{"line":68,"column":10},"end":{"line":68,"column":15}},"loc":{"start":{"line":68,"column":28},"end":{"line":70,"column":null}},"line":68},"10":{"name":"(anonymous_10)","decl":{"start":{"line":72,"column":10},"end":{"line":72,"column":17}},"loc":{"start":{"line":72,"column":17},"end":{"line":73,"column":null}},"line":72}},"branchMap":{"0":{"loc":{"start":{"line":20,"column":8},"end":{"line":23,"column":null}},"type":"if","locations":[{"start":{"line":20,"column":8},"end":{"line":23,"column":null}},{"start":{"line":22,"column":15},"end":{"line":23,"column":null}}],"line":20},"1":{"loc":{"start":{"line":30,"column":8},"end":{"line":33,"column":null}},"type":"if","locations":[{"start":{"line":30,"column":8},"end":{"line":33,"column":null}},{"start":{"line":32,"column":15},"end":{"line":33,"column":null}}],"line":30},"2":{"loc":{"start":{"line":40,"column":8},"end":{"line":43,"column":null}},"type":"if","locations":[{"start":{"line":40,"column":8},"end":{"line":43,"column":null}},{"start":{"line":42,"column":15},"end":{"line":43,"column":null}}],"line":40},"3":{"loc":{"start":{"line":45,"column":8},"end":{"line":45,"column":null}},"type":"if","locations":[{"start":{"line":45,"column":8},"end":{"line":45,"column":null}},{"start":{},"end":{}}],"line":45},"4":{"loc":{"start":{"line":46,"column":8},"end":{"line":46,"column":null}},"type":"if","locations":[{"start":{"line":46,"column":8},"end":{"line":46,"column":null}},{"start":{},"end":{}}],"line":46}},"s":{"0":20,"1":136,"2":136,"3":29,"4":29,"5":82,"6":82,"7":28,"8":54,"9":82,"10":33,"11":33,"12":0,"13":31,"14":31,"15":21,"16":21,"17":1,"18":20,"19":21,"20":11,"21":10,"22":10,"23":10,"24":0,"25":136,"26":20,"27":136,"28":0,"29":0,"30":0,"31":0,"32":0,"33":0,"34":0},"f":{"0":20,"1":136,"2":29,"3":82,"4":33,"5":21,"6":0,"7":136,"8":0,"9":0,"10":0},"b":{"0":[28,54],"1":[0,31],"2":[1,20],"3":[11,10],"4":[0,10]},"meta":{"lastBranch":5,"lastFunction":11,"lastStatement":35,"seen":{"f:7:16:7:43":0,"s:8:17:8:41":0,"f:10:11:10:27":1,"s:11:33:11:35":1,"s:13:38:52:Infinity":2,"f:14:6:14:11":2,"s:15:8:15:Infinity":3,"s:16:8:16:Infinity":4,"f:18:12:18:18":3,"s:19:18:19:37":5,"b:20:8:23:Infinity:22:15:23:Infinity":0,"s:20:8:23:Infinity":6,"s:21:10:21:Infinity":7,"s:23:10:23:Infinity":8,"s:25:8:25:Infinity":9,"f:27:12:27:47":4,"s:28:18:28:37":10,"b:30:8:33:Infinity:32:15:33:Infinity":1,"s:30:8:33:Infinity":11,"s:31:10:31:Infinity":12,"s:33:10:33:Infinity":13,"s:35:8:35:Infinity":14,"f:37:12:37:47":5,"s:38:18:38:37":15,"b:40:8:43:Infinity:42:15:43:Infinity":2,"s:40:8:43:Infinity":16,"s:41:10:41:Infinity":17,"s:43:10:43:Infinity":18,"b:45:8:45:Infinity:undefined:undefined:undefined:undefined":3,"s:45:8:45:Infinity":19,"s:45:18:45:Infinity":20,"b:46:8:46:Infinity:undefined:undefined:undefined:undefined":4,"s:46:8:46:Infinity":21,"s:46:17:46:Infinity":22,"s:47:8:47:Infinity":23,"f:49:12:49:18":6,"s:50:8:50:Infinity":24,"s:54:4:54:Infinity":25,"s:57:2:75:Infinity":26,"f:58:4:58:12":7,"s:59:6:59:Infinity":27,"f:61:10:61:16":8,"s:62:22:62:24":28,"s:63:6:64:Infinity":29,"s:64:8:64:Infinity":30,"s:66:6:66:Infinity":31,"f:68:10:68:15":9,"s:69:6:69:Infinity":32,"s:70:6:70:Infinity":33,"f:72:10:72:17":10,"s:73:6:73:Infinity":34}}}
}
